total 111166
drwxr-xr-x   2 root root     4344 Mar 22 10:51 bin
drwxr-xr-x   4 root root     1024 May 15 16:22 boot
drwxr-xr-x  24 root root    29800 Jun  9 03:10 dev
drwxr-xr-x  91 root root     5800 Jun  9 13:37 etc
-rw-r--r--   1 root root    42245 Mar 16 14:54 foo
drwxr-xr-x   6 root root        0 Jun  9 13:37 home
drwxr-xr-x  11 root root     5192 Mar 17 17:57 lib
drwxr-xr-x   4 root root      208 May 19 15:13 localhost
drwxr-xr-x   2 root root       72 Mar 17 10:54 media
drwxr-xr-x   6 root root      168 Apr  7 14:40 mnt
drwxr-xr-x   2 root root        0 May 19 15:39 net
drwxr-xr-x   9 root root      328 May  1 17:01 opt
-rw-r--r--   1 root root     7553 Mar 17 10:06 packages
-rw-r--r--   1 root root 21088790 Mar 16 11:45 portage-latest.tar.bz2
dr-xr-xr-x  94 root root        0 May 15 11:26 proc
drwx------  15 root root      704 Jun  8 14:14 root
drwxr-xr-x   2 root root     4808 Mar 22 10:51 sbin
-rw-------   1 root root        0 Jun  9 03:10 session_mm_apache2handler0.sem
drwxr-xr-x   4 root root        0 Jun  9 13:36 site
-rw-r--r--   1 root root 92554316 Mar 16 11:44 stage3-i686-2005.1-r1.tar.bz2
drwxr-xr-x  10 root root        0 May 15 11:26 sys
drwxrwxrwt  15 root root      704 Jun  9 11:19 tmp
drwxr-xr-x  21 root root      608 May 19 15:39 usr
drwxr-xr-x  17 root root      456 Mar 31 18:00 var
